This file contains any messages produced by compilers while
running CMake, to aid debugging if configure makes a mistake.

It was created by master-board-sdk CMake configuration process UNKNOWN-dirty, which was
generated by CMake 3.10.2.

## --------- ##
## Platform. ##
## --------- ##

hostname = hagurosan
system = Linux-5.3.0-45-generic
processor = x86_64
generator = Unix Makefiles

PATH /home/apotier/esp/esp-idf/components/esptool_py/esptool
PATH /home/apotier/esp/esp-idf/components/espcoredump
PATH /home/apotier/esp/esp-idf/components/partition_table/
PATH /home/apotier/.espressif/tools/xtensa-esp32-elf/esp-2019r2-8.2.0/xtensa-esp32-elf/bin
PATH /home/apotier/.espressif/tools/esp32ulp-elf/2.28.51.20170517/esp32ulp-elf-binutils/bin
PATH /home/apotier/.espressif/tools/openocd-esp32/v0.10.0-esp32-20190313/openocd-esp32/bin
PATH /home/apotier/.espressif/python_env/idf4.0_py2.7_env/bin
PATH /home/apotier/esp/esp-idf/tools
PATH /home/apotier/esp/xtensa-esp32-elf/bin
PATH /home/apotier/.local/bin
PATH /usr/local/sbin
PATH /usr/local/bin
PATH /usr/sbin
PATH /usr/bin
PATH /sbin
PATH /bin
PATH /usr/games
PATH /usr/local/games
PATH /snap/bin

PKG_CONFIG_PATH undefined

## ---------------- ##
## CMake variables. ##
## ---------------- ##

CMAKE_ROOT = /usr/share/cmake-3.10
CMAKE_INCLUDE_PATH = 
CMAKE_LIBRARY_PATH = 
CMAKE_PREFIX_PATH = 
CMAKE_INSTALL_ALWAYS = 
CMAKE_SKIP_RPATH = NO
CMAKE_SUPPRESS_REGENERATION = 
BUILD_SHARED_LIBS = ON

CMAKE_INSTALL_PREFIX = /usr/local
PROJECT_SOURCE_DIR = /home/apotier/esp/master-board/sdk/master_board_sdk
PROJECT_SOURCE_DIR = /home/apotier/esp/master-board/sdk/master_board_sdk
PROJECT_BINARY_DIR = /home/apotier/esp/master-board/sdk/master_board_sdk/build
CMAKE_BINARY_DIR = /home/apotier/esp/master-board/sdk/master_board_sdk/build

CMAKE_AR = /usr/bin/ar
CMAKE_RANLIB = /usr/bin/ranlib
CMAKE_BUILD_TYPE = RELEASE
CMAKE_CONFIGURATION_TYPES = 
CMAKE_SHARED_LINKER_FLAGS = 

CMAKE_C_COMPILER = 
CMAKE_C_FLAGS = 
CMAKE_C_FLAGS_DEBUG = 
CMAKE_C_FLAGS_RELEASE = 
CMAKE_CXX_COMPILER = /usr/bin/c++
CMAKE_CXX_FLAGS =  -pedantic -Wno-long-long -Wall -Wextra -Wcast-align -Wcast-qual -Wformat -Wwrite-strings -Wconversion 
CMAKE_CXX_FLAGS_DEBUG = -g
CMAKE_CXX_FLAGS_RELEASE = -O3 -DNDEBUG
CMAKE_CXX_FLAGS_RELWITHDEBINFO = -O2 -g -DNDEBUG

CMAKE_STATIC_LIBRARY_PREFIX = lib
CMAKE_STATIC_LIBRARY_SUFFIX = .a
CMAKE_SHARED_LIBRARY_PREFIX = lib
CMAKE_SHARED_LIBRARY_SUFFIX = .so
CMAKE_SHARED_MODULE_PREFIX = lib
CMAKE_SHARED_MODULE_SUFFIX = .so

## ------------------ ##
## Watched variables. ##
## ------------------ ##

WARNING_CXX_FLAGS =  -pedantic -Wno-long-long -Wall -Wextra -Wcast-align -Wcast-qual -Wformat -Wwrite-strings -Wconversion
_PKG_CONFIG_FOUND = undefined
PKG_CONFIG_EXECUTABLE = /usr/bin/pkg-config
_PKG_CONFIG_PREFIX = /usr/local
_PKG_CONFIG_EXEC_PREFIX = /usr/local
_PKG_CONFIG_LIBDIR = /usr/local/lib
_PKG_CONFIG_BINDIR = /usr/local/bin
_PKG_CONFIG_PKGLIBDIR = /usr/local/lib/master-board-sdk
_PKG_CONFIG_INCLUDEDIR = /usr/local/include
_PKG_CONFIG_DATAROOTDIR = /usr/local/share
_PKG_CONFIG_PKGDATAROOTDIR = /usr/local/share
_PKG_CONFIG_DOCDIR = /usr/local/share/doc/master-board-sdk
_PKG_CONFIG_DOXYGENDOCDIR = /usr/local/share/doc/master-board-sdk/doxygen-html
_PKG_CONFIG_PROJECT_NAME = master-board-sdk
_PKG_CONFIG_DESCRIPTION = This project contains the sdk for the communication between a computer and the master-board
_PKG_CONFIG_URL = https://github.com/open-dynamic-robot-initiative/master-board
_PKG_CONFIG_VERSION = UNKNOWN-dirty
_PKG_CONFIG_REQUIRES = 
_PKG_CONFIG_REQUIRES_DEBUG = 
_PKG_CONFIG_REQUIRES_OPTIMIZED = 
_PKG_CONFIG_COMPILE_TIME_REQUIRES = 
_PKG_CONFIG_CONFLICTS = 
_PKG_CONFIG_LIBS =  -lmaster-board-sdk -L/usr/lib/x86_64-linux-gnu -lboost_python-py27
_PKG_CONFIG_LIBS_DEBUG = -L${libdir}
_PKG_CONFIG_LIBS_OPTIMIZED = -L${libdir}
_PKG_CONFIG_LIBS_PRIVATE = 
_PKG_CONFIG_CFLAGS = -I${includedir} -I/usr/include
_PKG_CONFIG_CFLAGS_DEBUG = 
_PKG_CONFIG_CFLAGS_OPTIMIZED = 
_PKG_CONFIG_FILENAME = master-board-sdk.pc
PKG_CONFIG_EXTRA = 
DOXYGEN_SKIP_DOT = undefined
DOXYGEN_EXECUTABLE = /usr/bin/doxygen
DOXYGEN_FOUND = YES
DOXYGEN_DOT_EXECUTABLE = /usr/bin/dot
DOXYGEN_DOT_FOUND = YES
DOXYGEN_DOT_PATH = /usr/bin
DOXYGEN_DOT_IMAGE_FORMAT = svg
DOXYGEN_USE_MATHJAX = NO
DOXYGEN_USE_TEMPLATE_CSS = undefined
PYTHONINTERP_FOUND = TRUE
PYTHONLIBS_FOUND = TRUE
PYTHON_LIBRARY_DIRS = /usr/lib/x86_64-linux-gnu
PYTHONLIBS_VERSION_STRING = 2.7.17
PYTHON_EXECUTABLE = /home/apotier/.espressif/python_env/idf4.0_py2.7_env/bin/python
PYTHON_SOABI = 
PYTHON_EXT_SUFFIX = .so
Boost_USE_MULTITHREADED = TRUE
Boost_USE_STATIC_LIBS = OFF
Boost_ADDITIONAL_VERSIONS = undefined
Boost_DEBUG = undefined
Boost_COMPILER = undefined
BOOST_ROOT = undefined
BOOSTROOT = undefined
BOOST_INCLUDEDIR = undefined
BOOST_LIBRARYDIR = undefined
Boost_FOUND = 1
Boost_INCLUDE_DIRS = /usr/include
Boost_INCLUDE_DIR = /usr/include
Boost_LIBRARIES = 
Boost_LIBRARY_DIRS = /usr/lib/x86_64-linux-gnu
Boost_VERSION = 106501
Boost_LIB_VERSION = 1_65_1
Boost_MAJOR_VERSION = 1
Boost_MINOR_VERSION = 65
Boost_SUBMINOR_VERSION = 1
Boost_LIB_DIAGNOSTIC_DEFINITIONS = undefined
Boost_PYTHON-PY27_FOUND = ON
Boost_PYTHON-PY27_LIBRARY = /usr/lib/x86_64-linux-gnu/libboost_python-py27.so
Boost_PYTHON-PY27_LIBRARY_DEBUG = /usr/lib/x86_64-linux-gnu/libboost_python-py27.so
Boost_PYTHON-PY27_LIBRARY_RELEASE = /usr/lib/x86_64-linux-gnu/libboost_python-py27.so
python_comp_pos = 0
Boost_PYTHON_LIBRARY = /usr/lib/x86_64-linux-gnu/libboost_python-py27.so
Boost_PYTHON_LIBRARIES = /usr/lib/x86_64-linux-gnu/libboost_python-py27.so
## ---------------- ##
## Watched targets. ##
## ---------------- ##

